<?xml version="1.0" encoding="UTF-8"?>
<coverage generated="1634673934">
  <project timestamp="1634673934">
    <file name="/home/runner/work/shooglypeg-date/shooglypeg-date/src/CreatedAt.php">
      <class name="ShooglyPeg\Date\CreatedAt" namespace="global">
        <metrics complexity="0" methods="0" coveredmethods="0" conditionals="0" coveredconditionals="0" statements="0" coveredstatements="0" elements="0" coveredelements="0"/>
      </class>
      <metrics loc="12" ncloc="11" classes="0" methods="0" coveredmethods="0" conditionals="0" coveredconditionals="0" statements="0" coveredstatements="0" elements="0" coveredelements="0"/>
    </file>
    <file name="/home/runner/work/shooglypeg-date/shooglypeg-date/src/Date.php">
      <class name="ShooglyPeg\Date\Date" namespace="global">
        <metrics complexity="12" methods="11" coveredmethods="11" conditionals="0" coveredconditionals="0" statements="13" coveredstatements="13" elements="24" coveredelements="24"/>
      </class>
      <line num="17" type="method" name="__construct" visibility="public" complexity="1" crap="1" count="17"/>
      <line num="23" type="method" name="format" visibility="public" complexity="1" crap="1" count="11"/>
      <line num="25" type="stmt" count="11"/>
      <line num="31" type="method" name="timestamp" visibility="public" complexity="1" crap="1" count="1"/>
      <line num="33" type="stmt" count="1"/>
      <line num="39" type="method" name="interval" visibility="public" complexity="2" crap="2" count="2"/>
      <line num="41" type="stmt" count="2"/>
      <line num="42" type="stmt" count="1"/>
      <line num="45" type="stmt" count="1"/>
      <line num="51" type="method" name="age" visibility="public" complexity="1" crap="1" count="1"/>
      <line num="53" type="stmt" count="1"/>
      <line num="59" type="method" name="dateAndTime" visibility="public" complexity="1" crap="1" count="4"/>
      <line num="61" type="stmt" count="4"/>
      <line num="67" type="method" name="human" visibility="public" complexity="1" crap="1" count="4"/>
      <line num="69" type="stmt" count="4"/>
      <line num="75" type="method" name="date" visibility="public" complexity="1" crap="1" count="6"/>
      <line num="77" type="stmt" count="6"/>
      <line num="83" type="method" name="jsonSerialize" visibility="public" complexity="1" crap="1" count="1"/>
      <line num="85" type="stmt" count="1"/>
      <line num="91" type="method" name="now" visibility="public" complexity="1" crap="1" count="4"/>
      <line num="93" type="stmt" count="4"/>
      <line num="99" type="method" name="today" visibility="public" complexity="1" crap="1" count="1"/>
      <line num="101" type="stmt" count="1"/>
      <metrics loc="103" ncloc="68" classes="1" methods="11" coveredmethods="11" conditionals="0" coveredconditionals="0" statements="13" coveredstatements="13" elements="24" coveredelements="24"/>
    </file>
    <file name="/home/runner/work/shooglypeg-date/shooglypeg-date/src/DateAndTime.php">
      <class name="ShooglyPeg\Date\DateAndTime" namespace="global">
        <metrics complexity="1" methods="1" coveredmethods="1" conditionals="0" coveredconditionals="0" statements="1" coveredstatements="1" elements="2" coveredelements="2"/>
      </class>
      <line num="14" type="method" name="jsonSerialize" visibility="public" complexity="1" crap="1" count="4"/>
      <line num="16" type="stmt" count="4"/>
      <metrics loc="18" ncloc="15" classes="1" methods="1" coveredmethods="1" conditionals="0" coveredconditionals="0" statements="1" coveredstatements="1" elements="2" coveredelements="2"/>
    </file>
    <file name="/home/runner/work/shooglypeg-date/shooglypeg-date/src/DateOfBirth.php">
      <class name="ShooglyPeg\Date\DateOfBirth" namespace="global">
        <metrics complexity="1" methods="1" coveredmethods="1" conditionals="0" coveredconditionals="0" statements="1" coveredstatements="1" elements="2" coveredelements="2"/>
      </class>
      <line num="16" type="method" name="fromFormat" visibility="public" complexity="1" crap="1" count="2"/>
      <line num="18" type="stmt" count="2"/>
      <metrics loc="20" ncloc="16" classes="1" methods="1" coveredmethods="1" conditionals="0" coveredconditionals="0" statements="1" coveredstatements="1" elements="2" coveredelements="2"/>
    </file>
    <file name="/home/runner/work/shooglypeg-date/shooglypeg-date/src/DeletedAt.php">
      <class name="ShooglyPeg\Date\DeletedAt" namespace="global">
        <metrics complexity="0" methods="0" coveredmethods="0" conditionals="0" coveredconditionals="0" statements="0" coveredstatements="0" elements="0" coveredelements="0"/>
      </class>
      <metrics loc="12" ncloc="11" classes="0" methods="0" coveredmethods="0" conditionals="0" coveredconditionals="0" statements="0" coveredstatements="0" elements="0" coveredelements="0"/>
    </file>
    <file name="/home/runner/work/shooglypeg-date/shooglypeg-date/src/KickOff.php">
      <class name="ShooglyPeg\Date\KickOff" namespace="global">
        <metrics complexity="0" methods="0" coveredmethods="0" conditionals="0" coveredconditionals="0" statements="0" coveredstatements="0" elements="0" coveredelements="0"/>
      </class>
      <metrics loc="12" ncloc="11" classes="0" methods="0" coveredmethods="0" conditionals="0" coveredconditionals="0" statements="0" coveredstatements="0" elements="0" coveredelements="0"/>
    </file>
    <file name="/home/runner/work/shooglypeg-date/shooglypeg-date/src/UpdatedAt.php">
      <class name="ShooglyPeg\Date\UpdatedAt" namespace="global">
        <metrics complexity="0" methods="0" coveredmethods="0" conditionals="0" coveredconditionals="0" statements="0" coveredstatements="0" elements="0" coveredelements="0"/>
      </class>
      <metrics loc="12" ncloc="11" classes="0" methods="0" coveredmethods="0" conditionals="0" coveredconditionals="0" statements="0" coveredstatements="0" elements="0" coveredelements="0"/>
    </file>
    <metrics files="7" loc="189" ncloc="143" classes="3" methods="13" coveredmethods="13" conditionals="0" coveredconditionals="0" statements="15" coveredstatements="15" elements="28" coveredelements="28"/>
  </project>
</coverage>
